<?xml version="1.0" encoding="UTF-8"?>
<!-- Generated by org.testng.reporters.JUnitXMLReporter -->
<testsuite hostname="may85" name="Test Account 010" tests="1" failures="1" timestamp="16 Aug 2012 10:11:38 GMT" time="137.924" errors="0">
  <testcase name="testPLT_ACC_010" time="137.871" classname="org.exoplatform.Selenium.platform.eXoGTN.Account.Test_PLT_ACC_010">
    <failure type="java.lang.AssertionError" message="Timeout at waitForElementPresent: //a[@text=&amp;apos;Group and Roles&amp;apos;]">
      <![CDATA[java.lang.AssertionError: Timeout at waitForElementPresent: //a[@text='Group and Roles']
	at org.exoplatform.Selenium.Common.CommonHelpers.waitForAndGetElement(CommonHelpers.java:109)
	at org.exoplatform.Selenium.Common.CommonHelpers.mouseOverAndClick(CommonHelpers.java:409)
	at org.exoplatform.Selenium.Common.CommonHelpers.goToPage(CommonHelpers.java:316)
	at org.exoplatform.Selenium.UserManagementHelpers.goToUsersAndGroupsManagement(UserManagementHelpers.java:43)
	at org.exoplatform.Selenium.platform.eXoGTN.Account.Test_PLT_ACC_010.testPLT_ACC_010(Test_PLT_ACC_010.java:35)
... Removed 25 stack frames]]>
    </failure>
  </testcase> <!-- testPLT_ACC_010 -->
</testsuite> <!-- Test Account 010 -->
